<?xml version="1.0" encoding="UTF-8"?>
<testng-results ignored="0" total="9" passed="6" failed="3" skipped="0">
  <reporter-output>
    <line>
      <![CDATA[âŒ FAILED: com.nav.assertions.testTittle]]>
    </line>
    <line>
      <![CDATA[ðŸ” Reason: expected [Oncart] but found [Opencart]]]>
    </line>
    <line>
      <![CDATA[âŒ FAILED: com.nav.assertions.testTittlecond]]>
    </line>
    <line>
      <![CDATA[ðŸ” Reason: expected [true] but found [false]]]>
    </line>
    <line>
      <![CDATA[âŒ FAILED: com.nav.restassured.gettotalamount]]>
    </line>
    <line>
      <![CDATA[ðŸ” Reason: class io.restassured.path.xml.XmlPath cannot be cast to class java.util.ArrayList (io.restassured.path.xml.XmlPath is in unnamed module of loader 'app'; java.util.ArrayList is in module java.base of loader 'bootstrap')]]>
    </line>
  </reporter-output>
  <suite started-at="2025-09-02T12:50:59 CDT" name="FullSuite" finished-at="2025-09-02T12:51:06 CDT" duration-ms="7618">
    <groups>
    </groups>
    <test started-at="2025-09-02T12:50:59 CDT" name="AllTests" finished-at="2025-09-02T12:51:06 CDT" duration-ms="7618">
      <class name="com.nav.assertions">
        <test-method signature="testTittle()[pri:0, instance:com.nav.assertions@115667d]" started-at="2025-09-02T12:50:59 CDT" name="testTittle" finished-at="2025-09-02T12:50:59 CDT" duration-ms="52" status="FAIL">
          <exception class="java.lang.AssertionError">
            <message>
              <![CDATA[expected [Oncart] but found [Opencart]]]>
            </message>
            <full-stacktrace>
              <![CDATA[java.lang.AssertionError: expected [Oncart] but found [Opencart]
at org.testng.Assert.fail(Assert.java:111)
at org.testng.Assert.failNotEquals(Assert.java:1590)
at org.testng.Assert.assertEqualsImpl(Assert.java:150)
at org.testng.Assert.assertEquals(Assert.java:132)
at org.testng.Assert.assertEquals(Assert.java:656)
at org.testng.Assert.assertEquals(Assert.java:666)
at com.nav.assertions.testTittle(assertions.java:15)
at java.base/jdk.internal.reflect.NativeMethodAccessorImpl.invoke0(Native Method)
at java.base/jdk.internal.reflect.NativeMethodAccessorImpl.invoke(NativeMethodAccessorImpl.java:77)
at java.base/jdk.internal.reflect.DelegatingMethodAccessorImpl.invoke(DelegatingMethodAccessorImpl.java:43)
at java.base/java.lang.reflect.Method.invoke(Method.java:568)
at org.testng.internal.invokers.MethodInvocationHelper.invokeMethod(MethodInvocationHelper.java:141)
at org.testng.internal.invokers.TestInvoker.invokeMethod(TestInvoker.java:687)
at org.testng.internal.invokers.TestInvoker.invokeTestMethod(TestInvoker.java:230)
at org.testng.internal.invokers.MethodRunner.runInSequence(MethodRunner.java:63)
at org.testng.internal.invokers.TestInvoker$MethodInvocationAgent.invoke(TestInvoker.java:995)
at org.testng.internal.invokers.TestInvoker.invokeTestMethods(TestInvoker.java:203)
at org.testng.internal.invokers.TestMethodWorker.invokeTestMethods(TestMethodWorker.java:154)
at org.testng.internal.invokers.TestMethodWorker.run(TestMethodWorker.java:134)
at java.base/java.util.ArrayList.forEach(ArrayList.java:1511)
at org.testng.TestRunner.privateRun(TestRunner.java:741)
at org.testng.TestRunner.run(TestRunner.java:616)
at org.testng.SuiteRunner.runTest(SuiteRunner.java:421)
at org.testng.SuiteRunner.runSequentially(SuiteRunner.java:413)
at org.testng.SuiteRunner.privateRun(SuiteRunner.java:373)
at org.testng.SuiteRunner.run(SuiteRunner.java:312)
at org.testng.SuiteRunnerWorker.runSuite(SuiteRunnerWorker.java:52)
at org.testng.SuiteRunnerWorker.run(SuiteRunnerWorker.java:95)
at org.testng.TestNG.runSuitesSequentially(TestNG.java:1274)
at org.testng.TestNG.runSuitesLocally(TestNG.java:1208)
at org.testng.TestNG.runSuites(TestNG.java:1112)
at org.testng.TestNG.run(TestNG.java:1079)
at org.testng.remote.AbstractRemoteTestNG.run(AbstractRemoteTestNG.java:115)
at org.testng.remote.RemoteTestNG.initAndRun(RemoteTestNG.java:293)
at org.testng.remote.RemoteTestNG.main(RemoteTestNG.java:91)
]]>
            </full-stacktrace>
          </exception> <!-- java.lang.AssertionError -->
          <reporter-output>
            <line>
              <![CDATA[âŒ FAILED: com.nav.assertions.testTittle]]>
            </line>
            <line>
              <![CDATA[ðŸ” Reason: expected [Oncart] but found [Opencart]]]>
            </line>
          </reporter-output>
        </test-method> <!-- testTittle -->
        <test-method signature="testTittlecond()[pri:0, instance:com.nav.assertions@115667d]" started-at="2025-09-02T12:50:59 CDT" name="testTittlecond" finished-at="2025-09-02T12:50:59 CDT" duration-ms="5" status="FAIL">
          <exception class="java.lang.AssertionError">
            <message>
              <![CDATA[expected [true] but found [false]]]>
            </message>
            <full-stacktrace>
              <![CDATA[java.lang.AssertionError: expected [true] but found [false]
at org.testng.Assert.fail(Assert.java:111)
at org.testng.Assert.failNotEquals(Assert.java:1590)
at org.testng.Assert.assertTrue(Assert.java:57)
at org.testng.Assert.assertTrue(Assert.java:67)
at com.nav.assertions.testTittlecond(assertions.java:26)
at java.base/jdk.internal.reflect.NativeMethodAccessorImpl.invoke0(Native Method)
at java.base/jdk.internal.reflect.NativeMethodAccessorImpl.invoke(NativeMethodAccessorImpl.java:77)
at java.base/jdk.internal.reflect.DelegatingMethodAccessorImpl.invoke(DelegatingMethodAccessorImpl.java:43)
at java.base/java.lang.reflect.Method.invoke(Method.java:568)
at org.testng.internal.invokers.MethodInvocationHelper.invokeMethod(MethodInvocationHelper.java:141)
at org.testng.internal.invokers.TestInvoker.invokeMethod(TestInvoker.java:687)
at org.testng.internal.invokers.TestInvoker.invokeTestMethod(TestInvoker.java:230)
at org.testng.internal.invokers.MethodRunner.runInSequence(MethodRunner.java:63)
at org.testng.internal.invokers.TestInvoker$MethodInvocationAgent.invoke(TestInvoker.java:995)
at org.testng.internal.invokers.TestInvoker.invokeTestMethods(TestInvoker.java:203)
at org.testng.internal.invokers.TestMethodWorker.invokeTestMethods(TestMethodWorker.java:154)
at org.testng.internal.invokers.TestMethodWorker.run(TestMethodWorker.java:134)
at java.base/java.util.ArrayList.forEach(ArrayList.java:1511)
at org.testng.TestRunner.privateRun(TestRunner.java:741)
at org.testng.TestRunner.run(TestRunner.java:616)
at org.testng.SuiteRunner.runTest(SuiteRunner.java:421)
at org.testng.SuiteRunner.runSequentially(SuiteRunner.java:413)
at org.testng.SuiteRunner.privateRun(SuiteRunner.java:373)
at org.testng.SuiteRunner.run(SuiteRunner.java:312)
at org.testng.SuiteRunnerWorker.runSuite(SuiteRunnerWorker.java:52)
at org.testng.SuiteRunnerWorker.run(SuiteRunnerWorker.java:95)
at org.testng.TestNG.runSuitesSequentially(TestNG.java:1274)
at org.testng.TestNG.runSuitesLocally(TestNG.java:1208)
at org.testng.TestNG.runSuites(TestNG.java:1112)
at org.testng.TestNG.run(TestNG.java:1079)
at org.testng.remote.AbstractRemoteTestNG.run(AbstractRemoteTestNG.java:115)
at org.testng.remote.RemoteTestNG.initAndRun(RemoteTestNG.java:293)
at org.testng.remote.RemoteTestNG.main(RemoteTestNG.java:91)
]]>
            </full-stacktrace>
          </exception> <!-- java.lang.AssertionError -->
          <reporter-output>
            <line>
              <![CDATA[âŒ FAILED: com.nav.assertions.testTittlecond]]>
            </line>
            <line>
              <![CDATA[ðŸ” Reason: expected [true] but found [false]]]>
            </line>
          </reporter-output>
        </test-method> <!-- testTittlecond -->
      </class> <!-- com.nav.assertions -->
      <class name="com.nav.restassured">
        <test-method signature="getHeaders()[pri:0, instance:com.nav.restassured@1852a3ff]" started-at="2025-09-02T12:50:59 CDT" name="getHeaders" finished-at="2025-09-02T12:51:04 CDT" duration-ms="4372" status="PASS">
          <reporter-output>
          </reporter-output>
        </test-method> <!-- getHeaders -->
        <test-method signature="getResponseStatus()[pri:0, instance:com.nav.restassured@1852a3ff]" started-at="2025-09-02T12:51:04 CDT" name="getResponseStatus" finished-at="2025-09-02T12:51:05 CDT" duration-ms="1555" status="PASS">
          <reporter-output>
          </reporter-output>
        </test-method> <!-- getResponseStatus -->
        <test-method signature="gettotalamount()[pri:0, instance:com.nav.restassured@1852a3ff]" started-at="2025-09-02T12:51:05 CDT" name="gettotalamount" finished-at="2025-09-02T12:51:06 CDT" duration-ms="774" status="FAIL">
          <exception class="java.lang.ClassCastException">
            <message>
              <![CDATA[class io.restassured.path.xml.XmlPath cannot be cast to class java.util.ArrayList (io.restassured.path.xml.XmlPath is in unnamed module of loader 'app'; java.util.ArrayList is in module java.base of loader 'bootstrap')]]>
            </message>
            <full-stacktrace>
              <![CDATA[java.lang.ClassCastException: class io.restassured.path.xml.XmlPath cannot be cast to class java.util.ArrayList (io.restassured.path.xml.XmlPath is in unnamed module of loader 'app'; java.util.ArrayList is in module java.base of loader 'bootstrap')
at com.nav.restassured.gettotalamount(restassured.java:43)
at java.base/jdk.internal.reflect.NativeMethodAccessorImpl.invoke0(Native Method)
at java.base/jdk.internal.reflect.NativeMethodAccessorImpl.invoke(NativeMethodAccessorImpl.java:77)
at java.base/jdk.internal.reflect.DelegatingMethodAccessorImpl.invoke(DelegatingMethodAccessorImpl.java:43)
at java.base/java.lang.reflect.Method.invoke(Method.java:568)
at org.testng.internal.invokers.MethodInvocationHelper.invokeMethod(MethodInvocationHelper.java:141)
at org.testng.internal.invokers.TestInvoker.invokeMethod(TestInvoker.java:687)
at org.testng.internal.invokers.TestInvoker.invokeTestMethod(TestInvoker.java:230)
at org.testng.internal.invokers.MethodRunner.runInSequence(MethodRunner.java:63)
at org.testng.internal.invokers.TestInvoker$MethodInvocationAgent.invoke(TestInvoker.java:995)
at org.testng.internal.invokers.TestInvoker.invokeTestMethods(TestInvoker.java:203)
at org.testng.internal.invokers.TestMethodWorker.invokeTestMethods(TestMethodWorker.java:154)
at org.testng.internal.invokers.TestMethodWorker.run(TestMethodWorker.java:134)
at java.base/java.util.ArrayList.forEach(ArrayList.java:1511)
at org.testng.TestRunner.privateRun(TestRunner.java:741)
at org.testng.TestRunner.run(TestRunner.java:616)
at org.testng.SuiteRunner.runTest(SuiteRunner.java:421)
at org.testng.SuiteRunner.runSequentially(SuiteRunner.java:413)
at org.testng.SuiteRunner.privateRun(SuiteRunner.java:373)
at org.testng.SuiteRunner.run(SuiteRunner.java:312)
at org.testng.SuiteRunnerWorker.runSuite(SuiteRunnerWorker.java:52)
at org.testng.SuiteRunnerWorker.run(SuiteRunnerWorker.java:95)
at org.testng.TestNG.runSuitesSequentially(TestNG.java:1274)
at org.testng.TestNG.runSuitesLocally(TestNG.java:1208)
at org.testng.TestNG.runSuites(TestNG.java:1112)
at org.testng.TestNG.run(TestNG.java:1079)
at org.testng.remote.AbstractRemoteTestNG.run(AbstractRemoteTestNG.java:115)
at org.testng.remote.RemoteTestNG.initAndRun(RemoteTestNG.java:293)
at org.testng.remote.RemoteTestNG.main(RemoteTestNG.java:91)
]]>
            </full-stacktrace>
          </exception> <!-- java.lang.ClassCastException -->
          <reporter-output>
            <line>
              <![CDATA[âŒ FAILED: com.nav.restassured.gettotalamount]]>
            </line>
            <line>
              <![CDATA[ðŸ” Reason: class io.restassured.path.xml.XmlPath cannot be cast to class java.util.ArrayList (io.restassured.path.xml.XmlPath is in unnamed module of loader 'app'; java.util.ArrayList is in module java.base of loader 'bootstrap')]]>
            </line>
          </reporter-output>
        </test-method> <!-- gettotalamount -->
      </class> <!-- com.nav.restassured -->
      <class name="com.nav.firstTestNg">
        <test-method signature="login()[pri:-11, instance:com.nav.firstTestNg@93cf163]" started-at="2025-09-02T12:50:59 CDT" name="login" finished-at="2025-09-02T12:50:59 CDT" duration-ms="5" status="PASS">
          <reporter-output>
          </reporter-output>
        </test-method> <!-- login -->
        <test-method signature="launch()[pri:0, instance:com.nav.firstTestNg@93cf163]" started-at="2025-09-02T12:50:59 CDT" name="launch" finished-at="2025-09-02T12:50:59 CDT" duration-ms="2" status="PASS">
          <reporter-output>
          </reporter-output>
        </test-method> <!-- launch -->
        <test-method signature="action()[pri:3, instance:com.nav.firstTestNg@93cf163]" started-at="2025-09-02T12:50:59 CDT" name="action" finished-at="2025-09-02T12:50:59 CDT" duration-ms="3" status="PASS">
          <reporter-output>
          </reporter-output>
        </test-method> <!-- action -->
        <test-method signature="logout()[pri:4, instance:com.nav.firstTestNg@93cf163]" started-at="2025-09-02T12:50:59 CDT" name="logout" finished-at="2025-09-02T12:50:59 CDT" duration-ms="1" status="PASS">
          <reporter-output>
          </reporter-output>
        </test-method> <!-- logout -->
      </class> <!-- com.nav.firstTestNg -->
    </test> <!-- AllTests -->
  </suite> <!-- FullSuite -->
</testng-results>
