<?xml version="1.0" encoding="UTF-8"?>
<testng-results ignored="0" total="3" passed="2" failed="1" skipped="0">
  <reporter-output>
  </reporter-output>
  <suite started-at="2025-08-28T22:42:58 CDT" name="Default suite" finished-at="2025-08-28T22:43:05 CDT" duration-ms="6590">
    <groups>
    </groups>
    <test started-at="2025-08-28T22:42:58 CDT" name="Default test" finished-at="2025-08-28T22:43:05 CDT" duration-ms="6590">
      <class name="com.nav.restassured">
        <test-method signature="getHeaders()[pri:0, instance:com.nav.restassured@1349883]" started-at="2025-08-28T22:42:58 CDT" name="getHeaders" finished-at="2025-08-28T22:43:03 CDT" duration-ms="4578" status="PASS">
          <reporter-output>
          </reporter-output>
        </test-method> <!-- getHeaders -->
        <test-method signature="getResponseStatus()[pri:0, instance:com.nav.restassured@1349883]" started-at="2025-08-28T22:43:03 CDT" name="getResponseStatus" finished-at="2025-08-28T22:43:04 CDT" duration-ms="1234" status="PASS">
          <reporter-output>
          </reporter-output>
        </test-method> <!-- getResponseStatus -->
        <test-method signature="gettotalamount()[pri:0, instance:com.nav.restassured@1349883]" started-at="2025-08-28T22:43:04 CDT" name="gettotalamount" finished-at="2025-08-28T22:43:05 CDT" duration-ms="682" status="FAIL">
          <exception class="java.lang.ClassCastException">
            <message>
              <![CDATA[class io.restassured.path.xml.XmlPath cannot be cast to class java.util.ArrayList (io.restassured.path.xml.XmlPath is in unnamed module of loader 'app'; java.util.ArrayList is in module java.base of loader 'bootstrap')]]>
            </message>
            <full-stacktrace>
              <![CDATA[java.lang.ClassCastException: class io.restassured.path.xml.XmlPath cannot be cast to class java.util.ArrayList (io.restassured.path.xml.XmlPath is in unnamed module of loader 'app'; java.util.ArrayList is in module java.base of loader 'bootstrap')
at com.nav.restassured.gettotalamount(restassured.java:43)
at java.base/jdk.internal.reflect.NativeMethodAccessorImpl.invoke0(Native Method)
at java.base/jdk.internal.reflect.NativeMethodAccessorImpl.invoke(NativeMethodAccessorImpl.java:77)
at java.base/jdk.internal.reflect.DelegatingMethodAccessorImpl.invoke(DelegatingMethodAccessorImpl.java:43)
at java.base/java.lang.reflect.Method.invoke(Method.java:568)
at org.testng.internal.invokers.MethodInvocationHelper.invokeMethod(MethodInvocationHelper.java:141)
at org.testng.internal.invokers.TestInvoker.invokeMethod(TestInvoker.java:687)
at org.testng.internal.invokers.TestInvoker.invokeTestMethod(TestInvoker.java:230)
at org.testng.internal.invokers.MethodRunner.runInSequence(MethodRunner.java:63)
at org.testng.internal.invokers.TestInvoker$MethodInvocationAgent.invoke(TestInvoker.java:995)
at org.testng.internal.invokers.TestInvoker.invokeTestMethods(TestInvoker.java:203)
at org.testng.internal.invokers.TestMethodWorker.invokeTestMethods(TestMethodWorker.java:154)
at org.testng.internal.invokers.TestMethodWorker.run(TestMethodWorker.java:134)
at java.base/java.util.ArrayList.forEach(ArrayList.java:1511)
at org.testng.TestRunner.privateRun(TestRunner.java:741)
at org.testng.TestRunner.run(TestRunner.java:616)
at org.testng.SuiteRunner.runTest(SuiteRunner.java:421)
at org.testng.SuiteRunner.runSequentially(SuiteRunner.java:413)
at org.testng.SuiteRunner.privateRun(SuiteRunner.java:373)
at org.testng.SuiteRunner.run(SuiteRunner.java:312)
at org.testng.SuiteRunnerWorker.runSuite(SuiteRunnerWorker.java:52)
at org.testng.SuiteRunnerWorker.run(SuiteRunnerWorker.java:95)
at org.testng.TestNG.runSuitesSequentially(TestNG.java:1274)
at org.testng.TestNG.runSuitesLocally(TestNG.java:1208)
at org.testng.TestNG.runSuites(TestNG.java:1112)
at org.testng.TestNG.run(TestNG.java:1079)
at org.testng.remote.AbstractRemoteTestNG.run(AbstractRemoteTestNG.java:115)
at org.testng.remote.RemoteTestNG.initAndRun(RemoteTestNG.java:293)
at org.testng.remote.RemoteTestNG.main(RemoteTestNG.java:91)
]]>
            </full-stacktrace>
          </exception> <!-- java.lang.ClassCastException -->
          <reporter-output>
          </reporter-output>
        </test-method> <!-- gettotalamount -->
      </class> <!-- com.nav.restassured -->
    </test> <!-- Default test -->
  </suite> <!-- Default suite -->
</testng-results>
