<?xml version="1.0" encoding="UTF-8"?>
<!-- Generated by org.testng.reporters.JUnitReportReporter -->
<testsuite hostname="Daredevil" failures="0" tests="4" name="com.nav.firstTestNg" time="0.011" errors="0" timestamp="2025-09-02T12:51:07 CDT" skipped="0">
  <testcase classname="com.nav.firstTestNg" name="login" time="0.005"/>
  <testcase classname="com.nav.firstTestNg" name="launch" time="0.002"/>
  <testcase classname="com.nav.firstTestNg" name="action" time="0.003"/>
  <testcase classname="com.nav.firstTestNg" name="logout" time="0.001"/>
  <system-out>
    <![CDATA[âŒ FAILED: com.nav.assertions.testTittle
ðŸ” Reason: expected [Oncart] but found [Opencart]
âŒ FAILED: com.nav.assertions.testTittlecond
ðŸ” Reason: expected [true] but found [false]
âŒ FAILED: com.nav.restassured.gettotalamount
ðŸ” Reason: class io.restassured.path.xml.XmlPath cannot be cast to class java.util.ArrayList (io.restassured.path.xml.XmlPath is in unnamed module of loader 'app'; java.util.ArrayList is in module java.base of loader 'bootstrap')]]>
  </system-out>
</testsuite> <!-- com.nav.firstTestNg -->
